<?xml version="1.0" encoding="UTF-8"?>
<!-- Generated by org.testng.reporters.JUnitXMLReporter -->
<testsuite ignored="3" hostname="DESKTOP-VF6R5DT" failures="0" tests="1" name="Default test" time="0.871" errors="0" timestamp="2025-05-07T04:16:08 EET">
  <testcase classname="DataBaseTesting.DataBaseTesting.AppTest" name="ReadFromDatabase" time="0.082"/>
  <testcase classname="DataBaseTesting.DataBaseTesting.AppTest" name="DeleteRowFromDatabase" time="0.0">
    <ignored/>
  </testcase> <!-- DeleteRowFromDatabase -->
  <testcase classname="DataBaseTesting.DataBaseTesting.AppTest" name="UpdateRowFromDatabase" time="0.0">
    <ignored/>
  </testcase> <!-- UpdateRowFromDatabase -->
  <testcase classname="DataBaseTesting.DataBaseTesting.AppTest" name="InsertToRowFromDatabase" time="0.0">
    <ignored/>
  </testcase> <!-- InsertToRowFromDatabase -->
</testsuite> <!-- Default test -->
