<?xml version="1.0" encoding="UTF-8"?>
<testng-results ignored="3" total="4" passed="1" failed="0" skipped="0">
  <reporter-output>
  </reporter-output>
  <suite started-at="2025-05-07T04:16:07 EET" name="Default suite" finished-at="2025-05-07T04:16:08 EET" duration-ms="871">
    <groups>
    </groups>
    <test started-at="2025-05-07T04:16:07 EET" name="Default test" finished-at="2025-05-07T04:16:08 EET" duration-ms="871">
      <class name="DataBaseTesting.DataBaseTesting.AppTest">
        <test-method is-config="true" signature="MySetup()[pri:0, instance:DataBaseTesting.DataBaseTesting.AppTest@5542c4ed]" started-at="2025-05-07T04:16:07 EET" name="MySetup" finished-at="2025-05-07T04:16:07 EET" duration-ms="727" status="PASS">
          <reporter-output>
          </reporter-output>
        </test-method> <!-- MySetup -->
        <test-method signature="ReadFromDatabase()[pri:1, instance:DataBaseTesting.DataBaseTesting.AppTest@5542c4ed]" started-at="2025-05-07T04:16:07 EET" name="ReadFromDatabase" finished-at="2025-05-07T04:16:08 EET" duration-ms="82" status="PASS">
          <reporter-output>
          </reporter-output>
        </test-method> <!-- ReadFromDatabase -->
        <test-method is-config="true" signature="MyAfterTest()[pri:0, instance:DataBaseTesting.DataBaseTesting.AppTest@5542c4ed]" started-at="2025-05-07T04:16:08 EET" name="MyAfterTest" finished-at="2025-05-07T04:16:08 EET" duration-ms="0" status="PASS">
          <reporter-output>
          </reporter-output>
        </test-method> <!-- MyAfterTest -->
      </class> <!-- DataBaseTesting.DataBaseTesting.AppTest -->
    </test> <!-- Default test -->
  </suite> <!-- Default suite -->
</testng-results>
