<?xml version="1.0" encoding="UTF-8"?>
<testng-results ignored="0" total="4" passed="4" failed="0" skipped="0">
  <reporter-output>
  </reporter-output>
  <suite started-at="2025-05-08T01:11:37 EET" name="Default suite" finished-at="2025-05-08T01:11:41 EET" duration-ms="3816">
    <groups>
    </groups>
    <test started-at="2025-05-08T01:11:37 EET" name="Default test" finished-at="2025-05-08T01:11:41 EET" duration-ms="3816">
      <class name="DataBaseTesting.DataBaseTesting.AppTest">
        <test-method is-config="true" signature="MySetup()[pri:0, instance:DataBaseTesting.DataBaseTesting.AppTest@5e1fa5b1]" started-at="2025-05-08T01:11:37 EET" name="MySetup" finished-at="2025-05-08T01:11:40 EET" duration-ms="3072" status="PASS">
          <reporter-output>
          </reporter-output>
        </test-method> <!-- MySetup -->
        <test-method signature="InsertToRowFromDatabase()[pri:1, instance:DataBaseTesting.DataBaseTesting.AppTest@5e1fa5b1]" started-at="2025-05-08T01:11:40 EET" name="InsertToRowFromDatabase" finished-at="2025-05-08T01:11:40 EET" duration-ms="91" status="PASS">
          <reporter-output>
          </reporter-output>
        </test-method> <!-- InsertToRowFromDatabase -->
        <test-method signature="UpdateRowFromDatabase()[pri:2, instance:DataBaseTesting.DataBaseTesting.AppTest@5e1fa5b1]" started-at="2025-05-08T01:11:40 EET" name="UpdateRowFromDatabase" finished-at="2025-05-08T01:11:40 EET" duration-ms="7" status="PASS">
          <reporter-output>
          </reporter-output>
        </test-method> <!-- UpdateRowFromDatabase -->
        <test-method signature="ReadFromDatabase()[pri:3, instance:DataBaseTesting.DataBaseTesting.AppTest@5e1fa5b1]" started-at="2025-05-08T01:11:40 EET" name="ReadFromDatabase" finished-at="2025-05-08T01:11:41 EET" duration-ms="570" status="PASS">
          <reporter-output>
          </reporter-output>
        </test-method> <!-- ReadFromDatabase -->
        <test-method signature="DeleteRowFromDatabase()[pri:4, instance:DataBaseTesting.DataBaseTesting.AppTest@5e1fa5b1]" started-at="2025-05-08T01:11:41 EET" name="DeleteRowFromDatabase" finished-at="2025-05-08T01:11:41 EET" duration-ms="6" status="PASS">
          <reporter-output>
          </reporter-output>
        </test-method> <!-- DeleteRowFromDatabase -->
        <test-method is-config="true" signature="MyAfterTest()[pri:0, instance:DataBaseTesting.DataBaseTesting.AppTest@5e1fa5b1]" started-at="2025-05-08T01:11:41 EET" name="MyAfterTest" finished-at="2025-05-08T01:11:41 EET" duration-ms="1" status="PASS">
          <reporter-output>
          </reporter-output>
        </test-method> <!-- MyAfterTest -->
      </class> <!-- DataBaseTesting.DataBaseTesting.AppTest -->
    </test> <!-- Default test -->
  </suite> <!-- Default suite -->
</testng-results>
